In run, begin, date is 2018-08-19-07:25
In get_data_dict, begin, date is 2018-08-19-07:25
In get_data_dict, end, date is 2018-08-19-07:25
In get_clean_word_list, begin, date is 2018-08-19-07:25
In get_clean_word_list, end, date is 2018-08-19-07:25
In get_data_idf_dict, begin, date is 2018-08-19-07:25
In get_data_idf_dict, end, date is 2018-08-19-07:25
In get_critical_words, begin, date is 2018-08-19-07:25
In get_critical_words: cnt = 0
In get_critical_words, end, date is 2018-08-19-07:26
In run: Analyzing tf and writing Mongodb now
In output_tf, begin, date is 2018-08-19-07:26
Top words in all documents
Here1
	Word: 疫苗, TF: 0.15809
	Word: 李克强, TF: 0.03235
	Word: 医药, TF: 0.02279
	Word: 狂犬病, TF: 0.01176
	Word: 概念股, TF: 0.01176
	Word: 新浪, TF: 0.01324
	Word: 证券, TF: 0.01324
	Word: 特朗普, TF: 0.01029
	Word: 道德, TF: 0.01176
	Word: 货币, TF: 0.01176
	Word: 国务院, TF: 0.00956
	Word: 康泰, TF: 0.01103
	Word: 市场, TF: 0.01103
	Word: 财长, TF: 0.01103
	Word: 证券市场, TF: 0.00735
	Word: 软件, TF: 0.01029
	Word: 创业板, TF: 0.00809
	Word: 贸易战, TF: 0.00809
	Word: 货币政策, TF: 0.00662
	Word: 小米, TF: 0.00882
	Word: 违规, TF: 0.00882
	Word: 证券日报, TF: 0.00588
	Word: 世界杯, TF: 0.00662
	Word: 军工, TF: 0.00809
	Word: 节气, TF: 0.00809
	Word: 英国, TF: 0.00809
	Word: 丽水, TF: 0.00809
	Word: 竹乡, TF: 0.00809
	Word: 渎职, TF: 0.00735
	Word: 医院, TF: 0.00735
	Word: 龙头, TF: 0.00735
	Word: 竞价, TF: 0.00735
	Word: 高温, TF: 0.00735
	Word: 水泥, TF: 0.00735
	Word: 金融机构, TF: 0.00515
	Word: 超跌股, TF: 0.00588
	Word: 焦点, TF: 0.00662
	Word: 咨询, TF: 0.00662
	Word: 石墨, TF: 0.00662
	Word: 长丝, TF: 0.00662
	Word: 报价, TF: 0.00662
	Word: 政策, TF: 0.00662
	Word: 太商, TF: 0.00662
	Word: 金融股, TF: 0.00515
	Word: 锂电池, TF: 0.00515
	Word: 天然气, TF: 0.00515
	Word: 新华社, TF: 0.00515
	Word: 经济学, TF: 0.00515
	Word: 亿万富翁, TF: 0.00441
	Word: 生物医药, TF: 0.00441
	Word: 香港, TF: 0.00588
	Word: 医疗, TF: 0.00588
	Word: 橡胶, TF: 0.00588
	Word: 药品, TF: 0.00588
	Word: 日报, TF: 0.00588
	Word: 科技股, TF: 0.00441
	Word: 国资委, TF: 0.00441
	Word: 收益率, TF: 0.00441
	Word: 发布公告, TF: 0.00368
	Word: 金融市场, TF: 0.00368
	Word: 腾讯, TF: 0.00515
	Word: 机构, TF: 0.00515
	Word: 螺纹, TF: 0.00515
	Word: 债务, TF: 0.00515
	Word: 时机, TF: 0.00515
	Word: 生猪, TF: 0.00515
	Word: 出口, TF: 0.00515
	Word: 大幸, TF: 0.00515
	Word: 索尼, TF: 0.00515
	Word: 斯太尔, TF: 0.00368
	Word: 阶段性, TF: 0.00368
	Word: 供应商, TF: 0.00368
	Word: 证券报, TF: 0.00368
	Word: 新股, TF: 0.00441
	Word: 土地, TF: 0.00441
	Word: 地主, TF: 0.00441
	Word: 富翁, TF: 0.00441
	Word: 留条, TF: 0.00441
	Word: 后路, TF: 0.00441
	Word: 志向, TF: 0.00441
	Word: 生物, TF: 0.00441
	Word: 智飞, TF: 0.00441
	Word: 铁塔, TF: 0.00441
	Word: 航天, TF: 0.00441
	Word: 进口, TF: 0.00441
	Word: 份额, TF: 0.00441
	Word: 电池, TF: 0.00441
	Word: 集合竞价, TF: 0.00294
	Word: 预防接种, TF: 0.00294
	Word: 产业资本, TF: 0.00294
	Word: 监管部门, TF: 0.00294
	Word: 涉嫌犯罪, TF: 0.00294
	Word: 公安机关, TF: 0.00294
	Word: 格局, TF: 0.00368
	Word: 狂犬, TF: 0.00368
	Word: 教育, TF: 0.00368
	Word: 正义, TF: 0.00368
	Word: 茅台, TF: 0.00368
	Word: 电子, TF: 0.00368
	Word: 存量, TF: 0.00368
	Word: 失联, TF: 0.00368
	Word: 油气, TF: 0.00368
	Word: 台风, TF: 0.00368
	Word: 威胁, TF: 0.00368
	Word: 民众, TF: 0.00368
	Word: 外媒, TF: 0.00368
	Word: 代理, TF: 0.00368
	Word: 革命, TF: 0.00368
	Word: 药业, TF: 0.00368
	Word: 犯罪, TF: 0.00368
	Word: 中金, TF: 0.00368
	Word: 语音, TF: 0.00368
	Word: 净流入, TF: 0.00294
	Word: 投票权, TF: 0.00294
	Word: 短期内, TF: 0.00294
	Word: 赢大奖, TF: 0.00294
	Word: 发动机, TF: 0.00294
	Word: 农产品, TF: 0.00294
	Word: 华尔街, TF: 0.00294
	Word: 压倒性, TF: 0.00294
	Word: 交易所, TF: 0.00294
	Word: 独立性, TF: 0.00294
	Word: 违法者, TF: 0.00294
	Word: 国家队, TF: 0.00294
	Word: 碧桂园, TF: 0.00294
	Word: 总体, TF: 0.00294
	Word: 成绩, TF: 0.00294
	Word: 运营, TF: 0.00294
	Word: 架构, TF: 0.00294
	Word: 高度, TF: 0.00294
	Word: 短差, TF: 0.00294
	Word: 汽车, TF: 0.00294
	Word: 佳讯, TF: 0.00294
	Word: 飞鸿, TF: 0.00294
	Word: 天价, TF: 0.00294
	Word: 血管, TF: 0.00294
	Word: 空白, TF: 0.00294
	Word: 舰船, TF: 0.00294
	Word: 资本, TF: 0.00294
	Word: 产业, TF: 0.00294
	Word: 金峰, TF: 0.00294
	Word: 剧本, TF: 0.00294
	Word: 原油, TF: 0.00294
	Word: 理性, TF: 0.00294
	Word: 曙光, TF: 0.00294
	Word: 部门, TF: 0.00294
	Word: 监管, TF: 0.00294
	Word: 州长, TF: 0.00294
	Word: 解套, TF: 0.00294
	Word: 机关, TF: 0.00294
	Word: 公安, TF: 0.00294
	Word: 冲击, TF: 0.00294
	Word: 伊朗, TF: 0.00294
	Word: 刊文, TF: 0.00294
	Word: 外资, TF: 0.00294
	Word: 白羽, TF: 0.00294
	Word: 心气, TF: 0.00294
	Word: 体虚, TF: 0.00294
	Word: 弱者, TF: 0.00294
	Word: 保健, TF: 0.00294
	Word: 温度, TF: 0.00294
	Word: 时节, TF: 0.00294
	Word: 民间, TF: 0.00294
	Word: 保姆, TF: 0.00294
In output_tf, end, date is 2018-08-19-07:26
In run: Analyzing tfidf and writing Mongodb now
In output_tf_idf, begin, date is 2018-08-19-07:26
Top words in all documents
Here2
	Word: 疫苗, TF-IDF: 1.4
	Word: 李克强, TF-IDF: 0.32205
	Word: 医药, TF-IDF: 0.19022
	Word: 概念股, TF-IDF: 0.11711
	Word: 狂犬病, TF-IDF: 0.11234
	Word: 特朗普, TF-IDF: 0.10247
	Word: 新浪, TF-IDF: 0.12258
	Word: 货币, TF-IDF: 0.11234
	Word: 康泰, TF-IDF: 0.10979
	Word: 财长, TF-IDF: 0.10979
	Word: 道德, TF-IDF: 0.10896
	Word: 国务院, TF-IDF: 0.08853
	Word: 证券, TF-IDF: 0.10804
	Word: 证券市场, TF-IDF: 0.07319
	Word: 创业板, TF-IDF: 0.08051
	Word: 贸易战, TF-IDF: 0.08051
	Word: 软件, TF-IDF: 0.09534
	Word: 货币政策, TF-IDF: 0.06587
	Word: 竹乡, TF-IDF: 0.08612
	Word: 市场, TF-IDF: 0.0844
	Word: 违规, TF-IDF: 0.08426
	Word: 证券日报, TF-IDF: 0.05856
	Word: 小米, TF-IDF: 0.08172
	Word: 军工, TF-IDF: 0.08051
	Word: 节气, TF-IDF: 0.08051
	Word: 丽水, TF-IDF: 0.08051
	Word: 世界杯, TF-IDF: 0.06319
	Word: 超跌股, TF-IDF: 0.06263
	Word: 渎职, TF-IDF: 0.07319
	Word: 竞价, TF-IDF: 0.07319
	Word: 高温, TF-IDF: 0.07319
	Word: 金融机构, TF-IDF: 0.05124
	Word: 长丝, TF-IDF: 0.07046
	Word: 太商, TF-IDF: 0.07046
	Word: 水泥, TF-IDF: 0.07021
	Word: 龙头, TF-IDF: 0.0681
	Word: 英国, TF-IDF: 0.06673
	Word: 石墨, TF-IDF: 0.06587
	Word: 报价, TF-IDF: 0.06319
	Word: 金融股, TF-IDF: 0.05124
	Word: 锂电池, TF-IDF: 0.05124
	Word: 天然气, TF-IDF: 0.05124
	Word: 新华社, TF-IDF: 0.05124
	Word: 亿万富翁, TF-IDF: 0.04392
	Word: 生物医药, TF-IDF: 0.04392
	Word: 医院, TF-IDF: 0.06136
	Word: 焦点, TF-IDF: 0.06129
	Word: 经济学, TF-IDF: 0.04915
	Word: 橡胶, TF-IDF: 0.05856
	Word: 咨询, TF-IDF: 0.05758
	Word: 政策, TF-IDF: 0.0567
	Word: 螺纹, TF-IDF: 0.0548
	Word: 大幸, TF-IDF: 0.0548
	Word: 国资委, TF-IDF: 0.04392
	Word: 收益率, TF-IDF: 0.04392
	Word: 药品, TF-IDF: 0.05317
	Word: 发布公告, TF-IDF: 0.0366
	Word: 金融市场, TF-IDF: 0.0366
	Word: 科技股, TF-IDF: 0.04213
	Word: 腾讯, TF-IDF: 0.05124
	Word: 债务, TF-IDF: 0.05124
	Word: 时机, TF-IDF: 0.05124
	Word: 生猪, TF-IDF: 0.05124
	Word: 索尼, TF-IDF: 0.05124
	Word: 医疗, TF-IDF: 0.04971
	Word: 出口, TF-IDF: 0.04915
	Word: 斯太尔, TF-IDF: 0.03915
	Word: 香港, TF-IDF: 0.04754
	Word: 日报, TF-IDF: 0.04531
	Word: 阶段性, TF-IDF: 0.0366
	Word: 供应商, TF-IDF: 0.0366
	Word: 证券报, TF-IDF: 0.0366
	Word: 集合竞价, TF-IDF: 0.03132
	Word: 产业资本, TF-IDF: 0.03132
	Word: 留条, TF-IDF: 0.04392
	Word: 后路, TF-IDF: 0.04392
	Word: 志向, TF-IDF: 0.04392
	Word: 智飞, TF-IDF: 0.04392
	Word: 机构, TF-IDF: 0.04349
	Word: 新股, TF-IDF: 0.04213
	Word: 土地, TF-IDF: 0.04213
	Word: 地主, TF-IDF: 0.04213
	Word: 铁塔, TF-IDF: 0.04213
	Word: 份额, TF-IDF: 0.04213
	Word: 预防接种, TF-IDF: 0.02928
	Word: 监管部门, TF-IDF: 0.02928
	Word: 涉嫌犯罪, TF-IDF: 0.02928
	Word: 公安机关, TF-IDF: 0.02928
	Word: 电池, TF-IDF: 0.04086
	Word: 富翁, TF-IDF: 0.03907
	Word: 投票权, TF-IDF: 0.03132
	Word: 航天, TF-IDF: 0.03728
	Word: 进口, TF-IDF: 0.03728
	Word: 存量, TF-IDF: 0.0366
	Word: 失联, TF-IDF: 0.0366
	Word: 油气, TF-IDF: 0.0366
	Word: 民众, TF-IDF: 0.0366
	Word: 外媒, TF-IDF: 0.0366
	Word: 药业, TF-IDF: 0.0366
	Word: 中金, TF-IDF: 0.0366
	Word: 生物, TF-IDF: 0.03601
	Word: 净流入, TF-IDF: 0.02928
	Word: 短期内, TF-IDF: 0.02928
	Word: 赢大奖, TF-IDF: 0.02928
	Word: 发动机, TF-IDF: 0.02928
	Word: 农产品, TF-IDF: 0.02928
	Word: 压倒性, TF-IDF: 0.02928
	Word: 独立性, TF-IDF: 0.02928
	Word: 违法者, TF-IDF: 0.02928
	Word: 碧桂园, TF-IDF: 0.02928
	Word: 格局, TF-IDF: 0.03511
	Word: 茅台, TF-IDF: 0.03511
	Word: 台风, TF-IDF: 0.03511
	Word: 语音, TF-IDF: 0.03511
	Word: 华尔街, TF-IDF: 0.02809
	Word: 交易所, TF-IDF: 0.02809
	Word: 狂犬, TF-IDF: 0.03405
	Word: 威胁, TF-IDF: 0.03405
	Word: 国家队, TF-IDF: 0.02724
	Word: 正义, TF-IDF: 0.03323
	Word: 代理, TF-IDF: 0.03323
	Word: 革命, TF-IDF: 0.03323
	Word: 短差, TF-IDF: 0.03132
	Word: 佳讯, TF-IDF: 0.03132
	Word: 金峰, TF-IDF: 0.03132
	Word: 体虚, TF-IDF: 0.03132
	Word: 教育, TF-IDF: 0.03107
	Word: 犯罪, TF-IDF: 0.03068
	Word: 天价, TF-IDF: 0.02928
	Word: 空白, TF-IDF: 0.02928
	Word: 舰船, TF-IDF: 0.02928
	Word: 州长, TF-IDF: 0.02928
	Word: 解套, TF-IDF: 0.02928
	Word: 刊文, TF-IDF: 0.02928
	Word: 外资, TF-IDF: 0.02928
	Word: 白羽, TF-IDF: 0.02928
	Word: 心气, TF-IDF: 0.02928
	Word: 弱者, TF-IDF: 0.02928
	Word: 时节, TF-IDF: 0.02928
	Word: 保姆, TF-IDF: 0.02928
	Word: 电子, TF-IDF: 0.02832
	Word: 总体, TF-IDF: 0.02809
	Word: 架构, TF-IDF: 0.02809
	Word: 高度, TF-IDF: 0.02809
	Word: 飞鸿, TF-IDF: 0.02809
	Word: 剧本, TF-IDF: 0.02809
	Word: 原油, TF-IDF: 0.02809
	Word: 曙光, TF-IDF: 0.02809
	Word: 伊朗, TF-IDF: 0.02809
	Word: 民间, TF-IDF: 0.02809
	Word: 血管, TF-IDF: 0.02724
	Word: 理性, TF-IDF: 0.02724
	Word: 冲击, TF-IDF: 0.02724
	Word: 保健, TF-IDF: 0.02724
	Word: 成绩, TF-IDF: 0.02658
	Word: 运营, TF-IDF: 0.02658
	Word: 温度, TF-IDF: 0.02658
	Word: 资本, TF-IDF: 0.02605
	Word: 监管, TF-IDF: 0.02605
	Word: 机关, TF-IDF: 0.02605
	Word: 产业, TF-IDF: 0.0252
	Word: 汽车, TF-IDF: 0.02377
	Word: 公安, TF-IDF: 0.02377
	Word: 部门, TF-IDF: 0.02355
In output_tf_idf, end, date is 2018-08-19-07:26
In run: Analyzing word senti now
In get_word_senti, begin, date is 2018-08-19-07:26
In get_word_senti, end, date is 2018-08-19-07:26
In output_word_senti, begin, date is 2018-08-19-07:26
('特朗普', 4)
('心气', 4)
('体虚', 4)
('投票权', 3)
('咨询', 3)
('高温', 3)
('财长', 3)
('格局', 2)
('新股', 2)
('赢大奖', 2)
('石墨', 2)
('贸易战', 2)
('货币政策', 2)
('压倒性', 2)
('代理', 2)
('份额', 2)
('证券报', 2)
('出口', 2)
('伊朗', 2)
('语音', 2)
('弱者', 2)
('成绩', 1)
('狂犬', 1)
('医药', 1)
('短期内', 1)
('高度', 1)
('军工', 1)
('金融市场', 1)
('佳讯', 1)
('斯太尔', 1)
('天然气', 1)
('香港', 1)
('英国', 1)
('腾讯', 1)
('报价', 1)
('空白', 1)
('发动机', 1)
('生猪', 1)
('水泥', 1)
('汽车', 1)
('剧本', 1)
('台风', 1)
('节气', 1)
('威胁', 1)
('农产品', 1)
('曙光', 1)
('民众', 1)
('州长', 1)
('解套', 1)
('电子', 1)
('收益率', 1)
('中金', 1)
('药品', 1)
('独立性', 1)
('国家队', 1)
('丽水', 1)
('架构', 1)
('冲击', 1)
('舰船', 1)
('进口', 1)
('索尼', 1)
('锂电池', 1)
('电池', 1)
('总体', 0)
('发布公告', 0)
('运营', 0)
('国务院', 0)
('债务', 0)
('创业板', 0)
('金融股', 0)
('小米', 0)
('铁塔', 0)
('阶段性', 0)
('金峰', 0)
('新浪', 0)
('理性', 0)
('外媒', 0)
('竹乡', 0)
('医院', -1)
('金融机构', -1)
('螺纹', -1)
('橡胶', -1)
('短差', -1)
('软件', -1)
('新华社', -1)
('狂犬病', -1)
('违规', -1)
('革命', -1)
('集合竞价', -1)
('竞价', -1)
('交易所', -1)
('时机', -1)
('产业资本', -1)
('概念股', -1)
('公安机关', -1)
('涉嫌犯罪', -1)
('大幸', -1)
('净流入', -1)
('外资', -1)
('白羽', -1)
('国资委', -1)
('保姆', -1)
('犯罪', -1)
('医疗', -1)
('碧桂园', -1)
('刊文', -1)
('监管部门', -1)
('正义', -2)
('生物医药', -2)
('科技股', -2)
('失联', -2)
('天价', -2)
('血管', -2)
('预防接种', -2)
('长丝', -2)
('经济学', -2)
('世界杯', -2)
('康泰', -2)
('超跌股', -2)
('龙头', -2)
('违法者', -2)
('证券日报', -2)
('焦点', -3)
('道德', -3)
('证券市场', -6)
('留条', -6)
('亿万富翁', -6)
('后路', -6)
('太商', -6)
('渎职', -8)
('李克强', -14)
('疫苗', -25)
('疫苗', -25)
('李克强', -14)
('渎职', -8)
('证券市场', -6)
('留条', -6)
('亿万富翁', -6)
('后路', -6)
('太商', -6)
('焦点', -3)
('道德', -3)
('正义', -2)
('生物医药', -2)
('科技股', -2)
('失联', -2)
('天价', -2)
('血管', -2)
('预防接种', -2)
('长丝', -2)
('经济学', -2)
('世界杯', -2)
('康泰', -2)
('超跌股', -2)
('龙头', -2)
('违法者', -2)
('证券日报', -2)
('医院', -1)
('金融机构', -1)
('螺纹', -1)
('橡胶', -1)
('短差', -1)
('软件', -1)
('新华社', -1)
('狂犬病', -1)
('违规', -1)
('革命', -1)
('集合竞价', -1)
('竞价', -1)
('交易所', -1)
('时机', -1)
('产业资本', -1)
('概念股', -1)
('公安机关', -1)
('涉嫌犯罪', -1)
('大幸', -1)
('净流入', -1)
('外资', -1)
('白羽', -1)
('国资委', -1)
('保姆', -1)
('犯罪', -1)
('医疗', -1)
('碧桂园', -1)
('刊文', -1)
('监管部门', -1)
('总体', 0)
('发布公告', 0)
('运营', 0)
('国务院', 0)
('债务', 0)
('创业板', 0)
('金融股', 0)
('小米', 0)
('铁塔', 0)
('阶段性', 0)
('金峰', 0)
('新浪', 0)
('理性', 0)
('外媒', 0)
('竹乡', 0)
('成绩', 1)
('狂犬', 1)
('医药', 1)
('短期内', 1)
('高度', 1)
('军工', 1)
('金融市场', 1)
('佳讯', 1)
('斯太尔', 1)
('天然气', 1)
('香港', 1)
('英国', 1)
('腾讯', 1)
('报价', 1)
('空白', 1)
('发动机', 1)
('生猪', 1)
('水泥', 1)
('汽车', 1)
('剧本', 1)
('台风', 1)
('节气', 1)
('威胁', 1)
('农产品', 1)
('曙光', 1)
('民众', 1)
('州长', 1)
('解套', 1)
('电子', 1)
('收益率', 1)
('中金', 1)
('药品', 1)
('独立性', 1)
('国家队', 1)
('丽水', 1)
('架构', 1)
('冲击', 1)
('舰船', 1)
('进口', 1)
('索尼', 1)
('锂电池', 1)
('电池', 1)
('格局', 2)
('新股', 2)
('赢大奖', 2)
('石墨', 2)
('贸易战', 2)
('货币政策', 2)
('压倒性', 2)
('代理', 2)
('份额', 2)
('证券报', 2)
('出口', 2)
('伊朗', 2)
('语音', 2)
('弱者', 2)
('投票权', 3)
('咨询', 3)
('高温', 3)
('财长', 3)
('特朗普', 4)
('心气', 4)
('体虚', 4)
In output_word_senti, end, date is 2018-08-19-07:26
In run: Writing good word senti into mongodb
In run: Writing bad word senti into mongodb
